<?xml version="1.0" encoding="UTF-8" ?>
<testsuite tests="3" failures="0" name="test.java.TestJunit" time="0.062" errors="0" skipped="0">
  <properties>
    <property name="java.runtime.name" value="Java(TM) SE Runtime Environment"/>
    <property name="sun.boot.library.path" value="C:\Program Files\Java\jdk1.8.0_11\jre\bin"/>
    <property name="java.vm.version" value="25.11-b03"/>
    <property name="java.vm.vendor" value="Oracle Corporation"/>
    <property name="java.vendor.url" value="http://java.oracle.com/"/>
    <property name="path.separator" value=";"/>
    <property name="java.vm.name" value="Java HotSpot(TM) 64-Bit Server VM"/>
    <property name="file.encoding.pkg" value="sun.io"/>
    <property name="user.script" value=""/>
    <property name="user.country" value="US"/>
    <property name="sun.java.launcher" value="SUN_STANDARD"/>
    <property name="sun.os.patch.level" value=""/>
    <property name="java.vm.specification.name" value="Java Virtual Machine Specification"/>
    <property name="user.dir" value="C:\ems_ant_TEMP"/>
    <property name="java.runtime.version" value="1.8.0_11-b12"/>
    <property name="java.awt.graphicsenv" value="sun.awt.Win32GraphicsEnvironment"/>
    <property name="basedir" value="C:\ems_ant_TEMP"/>
    <property name="java.endorsed.dirs" value="C:\Program Files\Java\jdk1.8.0_11\jre\lib\endorsed"/>
    <property name="os.arch" value="amd64"/>
    <property name="surefire.real.class.path" value="C:\ems_ant_TEMP\target\surefire\surefirebooter6869346354711922988.jar"/>
    <property name="java.io.tmpdir" value="C:\Users\SUDHAN~1\AppData\Local\Temp\"/>
    <property name="line.separator" value="
"/>
    <property name="java.vm.specification.vendor" value="Oracle Corporation"/>
    <property name="user.variant" value=""/>
    <property name="os.name" value="Windows 8.1"/>
    <property name="sun.jnu.encoding" value="Cp1252"/>
    <property name="java.library.path" value="C:\Program Files\Java\jdk1.8.0_11\jre\bin;C:\Windows\Sun\Java\bin;C:\Windows\system32;C:\Windows;C:\Program Files (x86)\Intel\iCLS Client\;C:\Program Files\Intel\iCLS Client\;C:\Windows\system32;C:\Windows;C:\Windows\System32\Wbem;C:\Windows\System32\WindowsPowerShell\v1.0\;C:\Program Files\Intel\Intel(R) Management Engine Components\DAL;C:\Program Files\Intel\Intel(R) Management Engine Components\IPT;C:\Program Files (x86)\Intel\Intel(R) Management Engine Components\DAL;C:\Program Files (x86)\Intel\Intel(R) Management Engine Components\IPT;C:\Program Files\Java\jdk1.8.0_11\bin;C:\Program Files (x86)\MySQL\MySQL Utilities 1.4.3\;C:\Program Files (x86)\MySQL\MySQL Utilities 1.4.3\Doctrine extensions for PHP\;D:\apache-maven-3.0.3\bin;D:\sonar-runner-2.4\bin;C:\Program Files\MySQL\MySQL Server 5.6\bin;C:\apache-ant-1.8.2\bin;C:\gradle-2.3\bin;C:\Program Files (x86)\Skype\Phone\;C:\Program Files\TortoiseGit\bin;C:\subgit-3.0.0\bin;C:\Program Files (x86)\Subversion\bin;C:\scala\bin;C:\Program Files (x86)\sbt\\bin;."/>
    <property name="surefire.test.class.path" value="C:\ems_ant_TEMP\target\test-classes;C:\ems_ant_TEMP\target\classes;C:\Users\sudhanshusr\.m2\repository\org\springframework\spring-core\4.2.0.RELEASE\spring-core-4.2.0.RELEASE.jar;C:\Users\sudhanshusr\.m2\repository\commons-logging\commons-logging\1.2\commons-logging-1.2.jar;C:\Users\sudhanshusr\.m2\repository\org\springframework\spring-jdbc\4.2.0.RELEASE\spring-jdbc-4.2.0.RELEASE.jar;C:\Users\sudhanshusr\.m2\repository\org\springframework\spring-beans\4.1.4.RELEASE\spring-beans-4.1.4.RELEASE.jar;C:\Users\sudhanshusr\.m2\repository\org\springframework\spring-tx\4.1.4.RELEASE\spring-tx-4.1.4.RELEASE.jar;C:\Users\sudhanshusr\.m2\repository\org\springframework\batch\spring-batch-core\3.0.2.RELEASE\spring-batch-core-3.0.2.RELEASE.jar;C:\Users\sudhanshusr\.m2\repository\com\ibm\jbatch\com.ibm.jbatch-tck-spi\1.0\com.ibm.jbatch-tck-spi-1.0.jar;C:\Users\sudhanshusr\.m2\repository\javax\batch\javax.batch-api\1.0\javax.batch-api-1.0.jar;C:\Users\sudhanshusr\.m2\repository\com\thoughtworks\xstream\xstream\1.4.7\xstream-1.4.7.jar;C:\Users\sudhanshusr\.m2\repository\xmlpull\xmlpull\1.1.3.1\xmlpull-1.1.3.1.jar;C:\Users\sudhanshusr\.m2\repository\xpp3\xpp3_min\1.1.4c\xpp3_min-1.1.4c.jar;C:\Users\sudhanshusr\.m2\repository\org\codehaus\jettison\jettison\1.2\jettison-1.2.jar;C:\Users\sudhanshusr\.m2\repository\org\springframework\batch\spring-batch-infrastructure\3.0.2.RELEASE\spring-batch-infrastructure-3.0.2.RELEASE.jar;C:\Users\sudhanshusr\.m2\repository\org\springframework\retry\spring-retry\1.1.0.RELEASE\spring-retry-1.1.0.RELEASE.jar;C:\Users\sudhanshusr\.m2\repository\org\springframework\spring-aop\4.0.5.RELEASE\spring-aop-4.0.5.RELEASE.jar;C:\Users\sudhanshusr\.m2\repository\org\springframework\spring-context\4.0.5.RELEASE\spring-context-4.0.5.RELEASE.jar;C:\Users\sudhanshusr\.m2\repository\org\springframework\spring-web\3.0.5.RELEASE\spring-web-3.0.5.RELEASE.jar;C:\Users\sudhanshusr\.m2\repository\aopalliance\aopalliance\1.0\aopalliance-1.0.jar;C:\Users\sudhanshusr\.m2\repository\org\springframework\spring-webmvc\3.0.5.RELEASE\spring-webmvc-3.0.5.RELEASE.jar;C:\Users\sudhanshusr\.m2\repository\org\springframework\spring-asm\3.0.5.RELEASE\spring-asm-3.0.5.RELEASE.jar;C:\Users\sudhanshusr\.m2\repository\org\springframework\spring-context-support\3.0.5.RELEASE\spring-context-support-3.0.5.RELEASE.jar;C:\Users\sudhanshusr\.m2\repository\org\springframework\spring-expression\3.0.5.RELEASE\spring-expression-3.0.5.RELEASE.jar;C:\Users\sudhanshusr\.m2\repository\javax\servlet\servlet-api\2.3\servlet-api-2.3.jar;C:\Users\sudhanshusr\.m2\repository\org\hibernate\javax\persistence\hibernate-jpa-2.0-api\1.0.1.Final\hibernate-jpa-2.0-api-1.0.1.Final.jar;C:\Users\sudhanshusr\.m2\repository\org\hibernate\hibernate-annotations\3.4.0.GA\hibernate-annotations-3.4.0.GA.jar;C:\Users\sudhanshusr\.m2\repository\org\hibernate\ejb3-persistence\1.0.2.GA\ejb3-persistence-1.0.2.GA.jar;C:\Users\sudhanshusr\.m2\repository\org\hibernate\hibernate-commons-annotations\3.1.0.GA\hibernate-commons-annotations-3.1.0.GA.jar;C:\Users\sudhanshusr\.m2\repository\org\hibernate\hibernate-core\3.3.0.SP1\hibernate-core-3.3.0.SP1.jar;C:\Users\sudhanshusr\.m2\repository\antlr\antlr\2.7.6\antlr-2.7.6.jar;C:\Users\sudhanshusr\.m2\repository\javax\transaction\jta\1.1\jta-1.1.jar;C:\Users\sudhanshusr\.m2\repository\org\slf4j\slf4j-api\1.4.2\slf4j-api-1.4.2.jar;C:\Users\sudhanshusr\.m2\repository\dom4j\dom4j\1.6.1\dom4j-1.6.1.jar;C:\Users\sudhanshusr\.m2\repository\xml-apis\xml-apis\1.0.b2\xml-apis-1.0.b2.jar;C:\Users\sudhanshusr\.m2\repository\commons-collections\commons-collections\3.2.1\commons-collections-3.2.1.jar;C:\Users\sudhanshusr\.m2\repository\commons-io\commons-io\2.4\commons-io-2.4.jar;C:\Users\sudhanshusr\.m2\repository\jstl\jstl\1.2\jstl-1.2.jar;C:\Users\sudhanshusr\.m2\repository\taglibs\standard\1.1.2\standard-1.1.2.jar;C:\Users\sudhanshusr\.m2\repository\junit\junit\4.10\junit-4.10.jar;C:\Users\sudhanshusr\.m2\repository\org\hamcrest\hamcrest-core\1.1\hamcrest-core-1.1.jar;C:\Users\sudhanshusr\.m2\repository\org\slf4j\slf4j-simple\1.6.1\slf4j-simple-1.6.1.jar;C:\Users\sudhanshusr\.m2\repository\org\codehaus\mojo\cobertura-maven-plugin\2.5.1\cobertura-maven-plugin-2.5.1.jar;C:\Users\sudhanshusr\.m2\repository\net\sourceforge\cobertura\cobertura\1.9.4.1\cobertura-1.9.4.1.jar;C:\Users\sudhanshusr\.m2\repository\oro\oro\2.0.8\oro-2.0.8.jar;C:\Users\sudhanshusr\.m2\repository\asm\asm\3.0\asm-3.0.jar;C:\Users\sudhanshusr\.m2\repository\asm\asm-tree\3.0\asm-tree-3.0.jar;C:\Users\sudhanshusr\.m2\repository\log4j\log4j\1.2.9\log4j-1.2.9.jar;C:\Users\sudhanshusr\.m2\repository\org\apache\ant\ant\1.7.0\ant-1.7.0.jar;C:\Users\sudhanshusr\.m2\repository\org\apache\ant\ant-launcher\1.7.0\ant-launcher-1.7.0.jar;C:\Users\sudhanshusr\.m2\repository\urbanophile\java-getopt\1.0.9\java-getopt-1.0.9.jar;C:\Users\sudhanshusr\.m2\repository\org\apache\maven\maven-core\2.0.8\maven-core-2.0.8.jar;C:\Users\sudhanshusr\.m2\repository\org\apache\maven\maven-settings\2.0.8\maven-settings-2.0.8.jar;C:\Users\sudhanshusr\.m2\repository\org\apache\maven\wagon\wagon-file\1.0-beta-2\wagon-file-1.0-beta-2.jar;C:\Users\sudhanshusr\.m2\repository\org\apache\maven\maven-plugin-parameter-documenter\2.0.8\maven-plugin-parameter-documenter-2.0.8.jar;C:\Users\sudhanshusr\.m2\repository\org\apache\maven\wagon\wagon-http-lightweight\1.0-beta-2\wagon-http-lightweight-1.0-beta-2.jar;C:\Users\sudhanshusr\.m2\repository\org\apache\maven\wagon\wagon-http-shared\1.0-beta-2\wagon-http-shared-1.0-beta-2.jar;C:\Users\sudhanshusr\.m2\repository\jtidy\jtidy\4aug2000r7-dev\jtidy-4aug2000r7-dev.jar;C:\Users\sudhanshusr\.m2\repository\org\apache\maven\maven-profile\2.0.8\maven-profile-2.0.8.jar;C:\Users\sudhanshusr\.m2\repository\org\apache\maven\maven-model\2.0.8\maven-model-2.0.8.jar;C:\Users\sudhanshusr\.m2\repository\org\apache\maven\wagon\wagon-provider-api\1.0-beta-2\wagon-provider-api-1.0-beta-2.jar;C:\Users\sudhanshusr\.m2\repository\org\codehaus\plexus\plexus-container-default\1.0-alpha-9-stable-1\plexus-container-default-1.0-alpha-9-stable-1.jar;C:\Users\sudhanshusr\.m2\repository\org\apache\maven\maven-repository-metadata\2.0.8\maven-repository-metadata-2.0.8.jar;C:\Users\sudhanshusr\.m2\repository\org\apache\maven\maven-error-diagnostics\2.0.8\maven-error-diagnostics-2.0.8.jar;C:\Users\sudhanshusr\.m2\repository\commons-cli\commons-cli\1.0\commons-cli-1.0.jar;C:\Users\sudhanshusr\.m2\repository\org\apache\maven\wagon\wagon-ssh-external\1.0-beta-2\wagon-ssh-external-1.0-beta-2.jar;C:\Users\sudhanshusr\.m2\repository\org\apache\maven\wagon\wagon-ssh-common\1.0-beta-2\wagon-ssh-common-1.0-beta-2.jar;C:\Users\sudhanshusr\.m2\repository\org\apache\maven\maven-plugin-descriptor\2.0.8\maven-plugin-descriptor-2.0.8.jar;C:\Users\sudhanshusr\.m2\repository\org\codehaus\plexus\plexus-interactivity-api\1.0-alpha-4\plexus-interactivity-api-1.0-alpha-4.jar;C:\Users\sudhanshusr\.m2\repository\org\apache\maven\maven-artifact-manager\2.0.8\maven-artifact-manager-2.0.8.jar;C:\Users\sudhanshusr\.m2\repository\org\apache\maven\maven-monitor\2.0.8\maven-monitor-2.0.8.jar;C:\Users\sudhanshusr\.m2\repository\org\apache\maven\wagon\wagon-ssh\1.0-beta-2\wagon-ssh-1.0-beta-2.jar;C:\Users\sudhanshusr\.m2\repository\com\jcraft\jsch\0.1.27\jsch-0.1.27.jar;C:\Users\sudhanshusr\.m2\repository\classworlds\classworlds\1.1\classworlds-1.1.jar;C:\Users\sudhanshusr\.m2\repository\org\apache\maven\maven-artifact\2.0.8\maven-artifact-2.0.8.jar;C:\Users\sudhanshusr\.m2\repository\org\apache\maven\maven-plugin-api\2.0.8\maven-plugin-api-2.0.8.jar;C:\Users\sudhanshusr\.m2\repository\org\apache\maven\reporting\maven-reporting-api\2.0.8\maven-reporting-api-2.0.8.jar;C:\Users\sudhanshusr\.m2\repository\org\apache\maven\doxia\doxia-sink-api\1.0-alpha-9\doxia-sink-api-1.0-alpha-9.jar;C:\Users\sudhanshusr\.m2\repository\org\apache\maven\maven-project\2.0.8\maven-project-2.0.8.jar;C:\Users\sudhanshusr\.m2\repository\org\apache\maven\maven-plugin-registry\2.0.8\maven-plugin-registry-2.0.8.jar;C:\Users\sudhanshusr\.m2\repository\org\apache\maven\reporting\maven-reporting-impl\2.0.4.2\maven-reporting-impl-2.0.4.2.jar;C:\Users\sudhanshusr\.m2\repository\commons-validator\commons-validator\1.2.0\commons-validator-1.2.0.jar;C:\Users\sudhanshusr\.m2\repository\commons-beanutils\commons-beanutils\1.7.0\commons-beanutils-1.7.0.jar;C:\Users\sudhanshusr\.m2\repository\commons-digester\commons-digester\1.6\commons-digester-1.6.jar;C:\Users\sudhanshusr\.m2\repository\org\apache\maven\doxia\doxia-core\1.0\doxia-core-1.0.jar;C:\Users\sudhanshusr\.m2\repository\org\apache\maven\doxia\doxia-site-renderer\1.0\doxia-site-renderer-1.0.jar;C:\Users\sudhanshusr\.m2\repository\org\codehaus\plexus\plexus-i18n\1.0-beta-7\plexus-i18n-1.0-beta-7.jar;C:\Users\sudhanshusr\.m2\repository\org\codehaus\plexus\plexus-velocity\1.1.7\plexus-velocity-1.1.7.jar;C:\Users\sudhanshusr\.m2\repository\org\apache\velocity\velocity\1.5\velocity-1.5.jar;C:\Users\sudhanshusr\.m2\repository\org\apache\maven\doxia\doxia-decoration-model\1.0\doxia-decoration-model-1.0.jar;C:\Users\sudhanshusr\.m2\repository\org\apache\maven\doxia\doxia-module-apt\1.0\doxia-module-apt-1.0.jar;C:\Users\sudhanshusr\.m2\repository\org\apache\maven\doxia\doxia-module-fml\1.0\doxia-module-fml-1.0.jar;C:\Users\sudhanshusr\.m2\repository\org\apache\maven\doxia\doxia-module-xdoc\1.0\doxia-module-xdoc-1.0.jar;C:\Users\sudhanshusr\.m2\repository\org\apache\maven\doxia\doxia-module-xhtml\1.0\doxia-module-xhtml-1.0.jar;C:\Users\sudhanshusr\.m2\repository\commons-lang\commons-lang\2.4\commons-lang-2.4.jar;C:\Users\sudhanshusr\.m2\repository\org\codehaus\plexus\plexus-utils\2.0.2\plexus-utils-2.0.2.jar;C:\Users\sudhanshusr\.m2\repository\org\apache\maven\shared\maven-invoker\2.0.11\maven-invoker-2.0.11.jar;"/>
    <property name="java.specification.name" value="Java Platform API Specification"/>
    <property name="java.class.version" value="52.0"/>
    <property name="sun.management.compiler" value="HotSpot 64-Bit Tiered Compilers"/>
    <property name="os.version" value="6.3"/>
    <property name="user.home" value="C:\Users\sudhanshusr"/>
    <property name="user.timezone" value="Asia/Calcutta"/>
    <property name="java.awt.printerjob" value="sun.awt.windows.WPrinterJob"/>
    <property name="java.specification.version" value="1.8"/>
    <property name="file.encoding" value="Cp1252"/>
    <property name="user.name" value="sudhanshusr"/>
    <property name="java.class.path" value="C:\ems_ant_TEMP\target\test-classes;C:\ems_ant_TEMP\target\classes;C:\Users\sudhanshusr\.m2\repository\org\springframework\spring-core\4.2.0.RELEASE\spring-core-4.2.0.RELEASE.jar;C:\Users\sudhanshusr\.m2\repository\commons-logging\commons-logging\1.2\commons-logging-1.2.jar;C:\Users\sudhanshusr\.m2\repository\org\springframework\spring-jdbc\4.2.0.RELEASE\spring-jdbc-4.2.0.RELEASE.jar;C:\Users\sudhanshusr\.m2\repository\org\springframework\spring-beans\4.1.4.RELEASE\spring-beans-4.1.4.RELEASE.jar;C:\Users\sudhanshusr\.m2\repository\org\springframework\spring-tx\4.1.4.RELEASE\spring-tx-4.1.4.RELEASE.jar;C:\Users\sudhanshusr\.m2\repository\org\springframework\batch\spring-batch-core\3.0.2.RELEASE\spring-batch-core-3.0.2.RELEASE.jar;C:\Users\sudhanshusr\.m2\repository\com\ibm\jbatch\com.ibm.jbatch-tck-spi\1.0\com.ibm.jbatch-tck-spi-1.0.jar;C:\Users\sudhanshusr\.m2\repository\javax\batch\javax.batch-api\1.0\javax.batch-api-1.0.jar;C:\Users\sudhanshusr\.m2\repository\com\thoughtworks\xstream\xstream\1.4.7\xstream-1.4.7.jar;C:\Users\sudhanshusr\.m2\repository\xmlpull\xmlpull\1.1.3.1\xmlpull-1.1.3.1.jar;C:\Users\sudhanshusr\.m2\repository\xpp3\xpp3_min\1.1.4c\xpp3_min-1.1.4c.jar;C:\Users\sudhanshusr\.m2\repository\org\codehaus\jettison\jettison\1.2\jettison-1.2.jar;C:\Users\sudhanshusr\.m2\repository\org\springframework\batch\spring-batch-infrastructure\3.0.2.RELEASE\spring-batch-infrastructure-3.0.2.RELEASE.jar;C:\Users\sudhanshusr\.m2\repository\org\springframework\retry\spring-retry\1.1.0.RELEASE\spring-retry-1.1.0.RELEASE.jar;C:\Users\sudhanshusr\.m2\repository\org\springframework\spring-aop\4.0.5.RELEASE\spring-aop-4.0.5.RELEASE.jar;C:\Users\sudhanshusr\.m2\repository\org\springframework\spring-context\4.0.5.RELEASE\spring-context-4.0.5.RELEASE.jar;C:\Users\sudhanshusr\.m2\repository\org\springframework\spring-web\3.0.5.RELEASE\spring-web-3.0.5.RELEASE.jar;C:\Users\sudhanshusr\.m2\repository\aopalliance\aopalliance\1.0\aopalliance-1.0.jar;C:\Users\sudhanshusr\.m2\repository\org\springframework\spring-webmvc\3.0.5.RELEASE\spring-webmvc-3.0.5.RELEASE.jar;C:\Users\sudhanshusr\.m2\repository\org\springframework\spring-asm\3.0.5.RELEASE\spring-asm-3.0.5.RELEASE.jar;C:\Users\sudhanshusr\.m2\repository\org\springframework\spring-context-support\3.0.5.RELEASE\spring-context-support-3.0.5.RELEASE.jar;C:\Users\sudhanshusr\.m2\repository\org\springframework\spring-expression\3.0.5.RELEASE\spring-expression-3.0.5.RELEASE.jar;C:\Users\sudhanshusr\.m2\repository\javax\servlet\servlet-api\2.3\servlet-api-2.3.jar;C:\Users\sudhanshusr\.m2\repository\org\hibernate\javax\persistence\hibernate-jpa-2.0-api\1.0.1.Final\hibernate-jpa-2.0-api-1.0.1.Final.jar;C:\Users\sudhanshusr\.m2\repository\org\hibernate\hibernate-annotations\3.4.0.GA\hibernate-annotations-3.4.0.GA.jar;C:\Users\sudhanshusr\.m2\repository\org\hibernate\ejb3-persistence\1.0.2.GA\ejb3-persistence-1.0.2.GA.jar;C:\Users\sudhanshusr\.m2\repository\org\hibernate\hibernate-commons-annotations\3.1.0.GA\hibernate-commons-annotations-3.1.0.GA.jar;C:\Users\sudhanshusr\.m2\repository\org\hibernate\hibernate-core\3.3.0.SP1\hibernate-core-3.3.0.SP1.jar;C:\Users\sudhanshusr\.m2\repository\antlr\antlr\2.7.6\antlr-2.7.6.jar;C:\Users\sudhanshusr\.m2\repository\javax\transaction\jta\1.1\jta-1.1.jar;C:\Users\sudhanshusr\.m2\repository\org\slf4j\slf4j-api\1.4.2\slf4j-api-1.4.2.jar;C:\Users\sudhanshusr\.m2\repository\dom4j\dom4j\1.6.1\dom4j-1.6.1.jar;C:\Users\sudhanshusr\.m2\repository\xml-apis\xml-apis\1.0.b2\xml-apis-1.0.b2.jar;C:\Users\sudhanshusr\.m2\repository\commons-collections\commons-collections\3.2.1\commons-collections-3.2.1.jar;C:\Users\sudhanshusr\.m2\repository\commons-io\commons-io\2.4\commons-io-2.4.jar;C:\Users\sudhanshusr\.m2\repository\jstl\jstl\1.2\jstl-1.2.jar;C:\Users\sudhanshusr\.m2\repository\taglibs\standard\1.1.2\standard-1.1.2.jar;C:\Users\sudhanshusr\.m2\repository\junit\junit\4.10\junit-4.10.jar;C:\Users\sudhanshusr\.m2\repository\org\hamcrest\hamcrest-core\1.1\hamcrest-core-1.1.jar;C:\Users\sudhanshusr\.m2\repository\org\slf4j\slf4j-simple\1.6.1\slf4j-simple-1.6.1.jar;C:\Users\sudhanshusr\.m2\repository\org\codehaus\mojo\cobertura-maven-plugin\2.5.1\cobertura-maven-plugin-2.5.1.jar;C:\Users\sudhanshusr\.m2\repository\net\sourceforge\cobertura\cobertura\1.9.4.1\cobertura-1.9.4.1.jar;C:\Users\sudhanshusr\.m2\repository\oro\oro\2.0.8\oro-2.0.8.jar;C:\Users\sudhanshusr\.m2\repository\asm\asm\3.0\asm-3.0.jar;C:\Users\sudhanshusr\.m2\repository\asm\asm-tree\3.0\asm-tree-3.0.jar;C:\Users\sudhanshusr\.m2\repository\log4j\log4j\1.2.9\log4j-1.2.9.jar;C:\Users\sudhanshusr\.m2\repository\org\apache\ant\ant\1.7.0\ant-1.7.0.jar;C:\Users\sudhanshusr\.m2\repository\org\apache\ant\ant-launcher\1.7.0\ant-launcher-1.7.0.jar;C:\Users\sudhanshusr\.m2\repository\urbanophile\java-getopt\1.0.9\java-getopt-1.0.9.jar;C:\Users\sudhanshusr\.m2\repository\org\apache\maven\maven-core\2.0.8\maven-core-2.0.8.jar;C:\Users\sudhanshusr\.m2\repository\org\apache\maven\maven-settings\2.0.8\maven-settings-2.0.8.jar;C:\Users\sudhanshusr\.m2\repository\org\apache\maven\wagon\wagon-file\1.0-beta-2\wagon-file-1.0-beta-2.jar;C:\Users\sudhanshusr\.m2\repository\org\apache\maven\maven-plugin-parameter-documenter\2.0.8\maven-plugin-parameter-documenter-2.0.8.jar;C:\Users\sudhanshusr\.m2\repository\org\apache\maven\wagon\wagon-http-lightweight\1.0-beta-2\wagon-http-lightweight-1.0-beta-2.jar;C:\Users\sudhanshusr\.m2\repository\org\apache\maven\wagon\wagon-http-shared\1.0-beta-2\wagon-http-shared-1.0-beta-2.jar;C:\Users\sudhanshusr\.m2\repository\jtidy\jtidy\4aug2000r7-dev\jtidy-4aug2000r7-dev.jar;C:\Users\sudhanshusr\.m2\repository\org\apache\maven\maven-profile\2.0.8\maven-profile-2.0.8.jar;C:\Users\sudhanshusr\.m2\repository\org\apache\maven\maven-model\2.0.8\maven-model-2.0.8.jar;C:\Users\sudhanshusr\.m2\repository\org\apache\maven\wagon\wagon-provider-api\1.0-beta-2\wagon-provider-api-1.0-beta-2.jar;C:\Users\sudhanshusr\.m2\repository\org\codehaus\plexus\plexus-container-default\1.0-alpha-9-stable-1\plexus-container-default-1.0-alpha-9-stable-1.jar;C:\Users\sudhanshusr\.m2\repository\org\apache\maven\maven-repository-metadata\2.0.8\maven-repository-metadata-2.0.8.jar;C:\Users\sudhanshusr\.m2\repository\org\apache\maven\maven-error-diagnostics\2.0.8\maven-error-diagnostics-2.0.8.jar;C:\Users\sudhanshusr\.m2\repository\commons-cli\commons-cli\1.0\commons-cli-1.0.jar;C:\Users\sudhanshusr\.m2\repository\org\apache\maven\wagon\wagon-ssh-external\1.0-beta-2\wagon-ssh-external-1.0-beta-2.jar;C:\Users\sudhanshusr\.m2\repository\org\apache\maven\wagon\wagon-ssh-common\1.0-beta-2\wagon-ssh-common-1.0-beta-2.jar;C:\Users\sudhanshusr\.m2\repository\org\apache\maven\maven-plugin-descriptor\2.0.8\maven-plugin-descriptor-2.0.8.jar;C:\Users\sudhanshusr\.m2\repository\org\codehaus\plexus\plexus-interactivity-api\1.0-alpha-4\plexus-interactivity-api-1.0-alpha-4.jar;C:\Users\sudhanshusr\.m2\repository\org\apache\maven\maven-artifact-manager\2.0.8\maven-artifact-manager-2.0.8.jar;C:\Users\sudhanshusr\.m2\repository\org\apache\maven\maven-monitor\2.0.8\maven-monitor-2.0.8.jar;C:\Users\sudhanshusr\.m2\repository\org\apache\maven\wagon\wagon-ssh\1.0-beta-2\wagon-ssh-1.0-beta-2.jar;C:\Users\sudhanshusr\.m2\repository\com\jcraft\jsch\0.1.27\jsch-0.1.27.jar;C:\Users\sudhanshusr\.m2\repository\classworlds\classworlds\1.1\classworlds-1.1.jar;C:\Users\sudhanshusr\.m2\repository\org\apache\maven\maven-artifact\2.0.8\maven-artifact-2.0.8.jar;C:\Users\sudhanshusr\.m2\repository\org\apache\maven\maven-plugin-api\2.0.8\maven-plugin-api-2.0.8.jar;C:\Users\sudhanshusr\.m2\repository\org\apache\maven\reporting\maven-reporting-api\2.0.8\maven-reporting-api-2.0.8.jar;C:\Users\sudhanshusr\.m2\repository\org\apache\maven\doxia\doxia-sink-api\1.0-alpha-9\doxia-sink-api-1.0-alpha-9.jar;C:\Users\sudhanshusr\.m2\repository\org\apache\maven\maven-project\2.0.8\maven-project-2.0.8.jar;C:\Users\sudhanshusr\.m2\repository\org\apache\maven\maven-plugin-registry\2.0.8\maven-plugin-registry-2.0.8.jar;C:\Users\sudhanshusr\.m2\repository\org\apache\maven\reporting\maven-reporting-impl\2.0.4.2\maven-reporting-impl-2.0.4.2.jar;C:\Users\sudhanshusr\.m2\repository\commons-validator\commons-validator\1.2.0\commons-validator-1.2.0.jar;C:\Users\sudhanshusr\.m2\repository\commons-beanutils\commons-beanutils\1.7.0\commons-beanutils-1.7.0.jar;C:\Users\sudhanshusr\.m2\repository\commons-digester\commons-digester\1.6\commons-digester-1.6.jar;C:\Users\sudhanshusr\.m2\repository\org\apache\maven\doxia\doxia-core\1.0\doxia-core-1.0.jar;C:\Users\sudhanshusr\.m2\repository\org\apache\maven\doxia\doxia-site-renderer\1.0\doxia-site-renderer-1.0.jar;C:\Users\sudhanshusr\.m2\repository\org\codehaus\plexus\plexus-i18n\1.0-beta-7\plexus-i18n-1.0-beta-7.jar;C:\Users\sudhanshusr\.m2\repository\org\codehaus\plexus\plexus-velocity\1.1.7\plexus-velocity-1.1.7.jar;C:\Users\sudhanshusr\.m2\repository\org\apache\velocity\velocity\1.5\velocity-1.5.jar;C:\Users\sudhanshusr\.m2\repository\org\apache\maven\doxia\doxia-decoration-model\1.0\doxia-decoration-model-1.0.jar;C:\Users\sudhanshusr\.m2\repository\org\apache\maven\doxia\doxia-module-apt\1.0\doxia-module-apt-1.0.jar;C:\Users\sudhanshusr\.m2\repository\org\apache\maven\doxia\doxia-module-fml\1.0\doxia-module-fml-1.0.jar;C:\Users\sudhanshusr\.m2\repository\org\apache\maven\doxia\doxia-module-xdoc\1.0\doxia-module-xdoc-1.0.jar;C:\Users\sudhanshusr\.m2\repository\org\apache\maven\doxia\doxia-module-xhtml\1.0\doxia-module-xhtml-1.0.jar;C:\Users\sudhanshusr\.m2\repository\commons-lang\commons-lang\2.4\commons-lang-2.4.jar;C:\Users\sudhanshusr\.m2\repository\org\codehaus\plexus\plexus-utils\2.0.2\plexus-utils-2.0.2.jar;C:\Users\sudhanshusr\.m2\repository\org\apache\maven\shared\maven-invoker\2.0.11\maven-invoker-2.0.11.jar;"/>
    <property name="java.vm.specification.version" value="1.8"/>
    <property name="sun.arch.data.model" value="64"/>
    <property name="java.home" value="C:\Program Files\Java\jdk1.8.0_11\jre"/>
    <property name="sun.java.command" value="C:\ems_ant_TEMP\target\surefire\surefirebooter6869346354711922988.jar C:\ems_ant_TEMP\target\surefire\surefire4221133757020208460tmp C:\ems_ant_TEMP\target\surefire\surefire5416564572894175597tmp"/>
    <property name="java.specification.vendor" value="Oracle Corporation"/>
    <property name="user.language" value="en"/>
    <property name="awt.toolkit" value="sun.awt.windows.WToolkit"/>
    <property name="java.vm.info" value="mixed mode"/>
    <property name="java.version" value="1.8.0_11"/>
    <property name="java.ext.dirs" value="C:\Program Files\Java\jdk1.8.0_11\jre\lib\ext;C:\Windows\Sun\Java\lib\ext"/>
    <property name="sun.boot.class.path" value="C:\Program Files\Java\jdk1.8.0_11\jre\lib\resources.jar;C:\Program Files\Java\jdk1.8.0_11\jre\lib\rt.jar;C:\Program Files\Java\jdk1.8.0_11\jre\lib\sunrsasign.jar;C:\Program Files\Java\jdk1.8.0_11\jre\lib\jsse.jar;C:\Program Files\Java\jdk1.8.0_11\jre\lib\jce.jar;C:\Program Files\Java\jdk1.8.0_11\jre\lib\charsets.jar;C:\Program Files\Java\jdk1.8.0_11\jre\lib\jfr.jar;C:\Program Files\Java\jdk1.8.0_11\jre\classes"/>
    <property name="java.vendor" value="Oracle Corporation"/>
    <property name="localRepository" value="C:\Users\sudhanshusr\.m2\repository"/>
    <property name="file.separator" value="\"/>
    <property name="java.vendor.url.bug" value="http://bugreport.sun.com/bugreport/"/>
    <property name="sun.cpu.endian" value="little"/>
    <property name="sun.io.unicode.encoding" value="UnicodeLittle"/>
    <property name="sun.desktop" value="windows"/>
    <property name="sun.cpu.isalist" value="amd64"/>
  </properties>
  <testcase classname="test.java.TestJunit" name="testgetsetcity" time="0"/>
  <testcase classname="test.java.TestJunit" name="testgetsetname" time="0"/>
  <testcase classname="test.java.TestJunit" name="testgetsetcode" time="0"/>
</testsuite>